2026.04.18 00:31:17 INFO  Started: Metals version 1.6.7 in folders 'C:\Users\DELL\Downloads\artere' for client Visual Studio Code 1.109.4.
2026.04.18 00:31:17 INFO  Memory monitor started
2026.04.18 00:31:19 WARN  Using H2 2.4.240 which is newer than the version Flyway has been verified with. The latest verified version of H2 is 2.3.232.
2026.04.18 00:31:19 INFO  no build target found for C:\Users\DELL\Downloads\artere\src\main\java\com\example\artere\model\Category.java. Using fallback presentation compiler.
Apr 18, 2026 12:31:22 AM org.eclipse.lsp4j.jsonrpc.RemoteEndpoint handleCancellation
WARNING: Unmatched cancel notification for request id 2
Apr 18, 2026 12:31:22 AM org.eclipse.lsp4j.jsonrpc.RemoteEndpoint handleCancellation
WARNING: Unmatched cancel notification for request id 1
2026.04.18 00:31:22 INFO  no build target found for C:\Users\DELL\Downloads\artere\src\main\java\com\example\artere\model\Category.java. Using fallback presentation compiler.
2026.04.18 00:31:22 INFO  no build target found for C:\Users\DELL\Downloads\artere\src\main\java\com\example\artere\model\Category.java. Using fallback presentation compiler.
2026.04.18 00:31:24 INFO  no build target found for C:\Users\DELL\Downloads\artere\src\main\java\com\example\artere\model\Category.java. Using fallback presentation compiler.
Apr 18, 2026 12:31:25 AM org.eclipse.lsp4j.jsonrpc.RemoteEndpoint handleCancellation
WARNING: Unmatched cancel notification for request id 10
Apr 18, 2026 12:31:25 AM org.eclipse.lsp4j.jsonrpc.RemoteEndpoint handleCancellation
WARNING: Unmatched cancel notification for request id 9
2026.04.18 00:31:24 INFO  no build target found for C:\Users\DELL\Downloads\artere\src\main\java\com\example\artere\model\Category.java. Using fallback presentation compiler.
2026.04.18 00:31:24 INFO  no build target found for C:\Users\DELL\Downloads\artere\src\main\java\com\example\artere\ArtereApplication.java. Using fallback presentation compiler.
2026.04.18 00:31:26 INFO  no build target found for C:\Users\DELL\Downloads\artere\src\main\java\com\example\artere\ArtereApplication.java. Using fallback presentation compiler.
2026.04.18 00:31:34 WARN  no build target for: C:\Users\DELL\Downloads\artere\src\main\java\com\example\artere\model\Category.java
2026.04.18 00:31:34 WARN  no build target for: C:\Users\DELL\Downloads\artere\src\main\java\com\example\artere\repository\CategoryRepository.java
2026.04.18 00:31:34 WARN  no build target for: C:\Users\DELL\Downloads\artere\src\main\java\com\example\artere\repository\ProductRepository.java
2026.04.18 00:31:34 WARN  no build target for: C:\Users\DELL\Downloads\artere\src\main\java\com\example\artere\ArtereApplication.java
2026.04.18 00:31:34 INFO  no build target found for C:\Users\DELL\Downloads\artere\src\main\java\com\example\artere\ArtereApplication.java. Using fallback presentation compiler.
2026.04.18 00:31:34 INFO  no build target found for C:\Users\DELL\Downloads\artere\src\main\java\com\example\artere\ArtereApplication.java. Using fallback presentation compiler.
2026.04.18 00:31:35 INFO  no build target found for C:\Users\DELL\Downloads\artere\src\main\java\com\example\artere\ArtereApplication.java. Using fallback presentation compiler.
2026.04.18 00:31:36 INFO  time: code lens generation in 2.72s
2026.04.18 00:31:40 INFO  no build target found for C:\Users\DELL\Downloads\artere\src\main\java\com\example\artere\ArtereApplication.java. Using fallback presentation compiler.
2026.04.18 00:31:40 WARN  no build target for: C:\Users\DELL\Downloads\artere\src\main\java\com\example\artere\repository\CategoryRepository.java
2026.04.18 00:31:40 INFO  no build target found for C:\Users\DELL\Downloads\artere\src\main\java\com\example\artere\repository\CategoryRepository.java. Using fallback presentation compiler.
2026.04.18 00:31:40 INFO  no build target found for C:\Users\DELL\Downloads\artere\src\main\java\com\example\artere\repository\CategoryRepository.java. Using fallback presentation compiler.
2026.04.18 00:31:44 WARN  no build target for: C:\Users\DELL\Downloads\artere\src\main\java\com\example\artere\repository\ProductRepository.java
2026.04.18 00:31:44 INFO  no build target found for C:\Users\DELL\Downloads\artere\src\main\java\com\example\artere\repository\ProductRepository.java. Using fallback presentation compiler.
2026.04.18 00:31:44 INFO  no build target found for C:\Users\DELL\Downloads\artere\src\main\java\com\example\artere\repository\ProductRepository.java. Using fallback presentation compiler.
2026.04.18 00:31:44 INFO  no build target found for C:\Users\DELL\Downloads\artere\src\main\java\com\example\artere\repository\ProductRepository.java. Using fallback presentation compiler.
2026.04.18 00:31:50 WARN  no build target for: C:\Users\DELL\Downloads\artere\src\main\java\com\example\artere\service\CategoryService.java
2026.04.18 00:31:50 INFO  no build target found for C:\Users\DELL\Downloads\artere\src\main\java\com\example\artere\repository\ProductRepository.java. Using fallback presentation compiler.
2026.04.18 00:31:50 INFO  no build target found for C:\Users\DELL\Downloads\artere\src\main\java\com\example\artere\service\CategoryService.java. Using fallback presentation compiler.
2026.04.18 00:31:50 INFO  no build target found for C:\Users\DELL\Downloads\artere\src\main\java\com\example\artere\service\CategoryService.java. Using fallback presentation compiler.
2026.04.18 00:31:51 INFO  no build target found for C:\Users\DELL\Downloads\artere\src\main\java\com\example\artere\service\CategoryService.java. Using fallback presentation compiler.
2026.04.18 00:31:51 INFO  no build target found for C:\Users\DELL\Downloads\artere\src\main\java\com\example\artere\service\CategoryService.java. Using fallback presentation compiler.
Apr 18, 2026 12:31:53 AM org.eclipse.lsp4j.jsonrpc.RemoteEndpoint handleCancellation
WARNING: Unmatched cancel notification for request id 50
2026.04.18 00:31:53 INFO  no build target found for C:\Users\DELL\Downloads\artere\src\main\java\com\example\artere\service\CategoryService.java. Using fallback presentation compiler.
2026.04.18 00:31:59 INFO  no build target found for C:\Users\DELL\Downloads\artere\src\main\java\com\example\artere\service\CategoryService.java. Using fallback presentation compiler.
Apr 18, 2026 12:31:59 AM org.eclipse.lsp4j.jsonrpc.RemoteEndpoint handleCancellation
WARNING: Unmatched cancel notification for request id 54
2026.04.18 00:32:02 INFO  no build target found for C:\Users\DELL\Downloads\artere\src\main\java\com\example\artere\service\CategoryService.java. Using fallback presentation compiler.
Apr 18, 2026 12:32:02 AM org.eclipse.lsp4j.jsonrpc.RemoteEndpoint handleCancellation
WARNING: Unmatched cancel notification for request id 55
2026.04.18 00:32:05 INFO  no build target found for C:\Users\DELL\Downloads\artere\src\main\java\com\example\artere\service\CategoryService.java. Using fallback presentation compiler.
2026.04.18 00:32:10 WARN  no build target for: C:\Users\DELL\Downloads\artere\src\main\java\com\example\artere\service\ProductService.java
2026.04.18 00:32:11 INFO  no build target found for C:\Users\DELL\Downloads\artere\src\main\java\com\example\artere\service\CategoryService.java. Using fallback presentation compiler.
2026.04.18 00:32:12 INFO  no build target found for C:\Users\DELL\Downloads\artere\src\main\java\com\example\artere\service\CategoryService.java. Using fallback presentation compiler.
2026.04.18 00:32:25 WARN  no build target for: C:\Users\DELL\Downloads\artere\src\main\java\com\example\artere\controller\CategoryController.java
2026.04.18 00:32:25 INFO  no build target found for C:\Users\DELL\Downloads\artere\src\main\java\com\example\artere\service\CategoryService.java. Using fallback presentation compiler.
2026.04.18 00:32:32 INFO  no build target found for C:\Users\DELL\Downloads\artere\src\main\java\com\example\artere\service\CategoryService.java. Using fallback presentation compiler.
2026.04.18 00:32:36 WARN  no build target for: C:\Users\DELL\Downloads\artere\src\main\java\com\example\artere\controller\CategoryController.java
2026.04.18 00:32:36 WARN  no build target for: C:\Users\DELL\Downloads\artere\src\main\java\com\example\artere\service\ProductService.java
2026.04.18 00:32:36 INFO  no build target found for C:\Users\DELL\Downloads\artere\src\main\java\com\example\artere\service\CategoryService.java. Using fallback presentation compiler.
2026.04.18 00:32:37 INFO  no build target found for C:\Users\DELL\Downloads\artere\src\main\java\com\example\artere\service\CategoryService.java. Using fallback presentation compiler.
2026.04.18 00:32:37 INFO  no build target found for C:\Users\DELL\Downloads\artere\src\main\java\com\example\artere\service\CategoryService.java. Using fallback presentation compiler.
2026.04.18 00:32:39 INFO  no build target found for C:\Users\DELL\Downloads\artere\src\main\java\com\example\artere\service\CategoryService.java. Using fallback presentation compiler.
2026.04.18 00:32:42 WARN  no build target for: C:\Users\DELL\Downloads\artere\src\main\java\com\example\artere\controller\ProductController.java
2026.04.18 00:32:42 INFO  no build target found for C:\Users\DELL\Downloads\artere\src\main\java\com\example\artere\service\CategoryService.java. Using fallback presentation compiler.
2026.04.18 00:32:46 WARN  no build target for: C:\Users\DELL\Downloads\artere\src\main\java\com\example\artere\controller\ProductController.java
2026.04.18 00:32:46 INFO  no build target found for C:\Users\DELL\Downloads\artere\src\main\java\com\example\artere\controller\ProductController.java. Using fallback presentation compiler.
2026.04.18 00:32:47 INFO  no build target found for C:\Users\DELL\Downloads\artere\src\main\java\com\example\artere\controller\ProductController.java. Using fallback presentation compiler.
2026.04.18 00:32:58 WARN  no build target for: C:\Users\DELL\Downloads\artere\src\main\java\com\example\artere\controller\ProductController.java
2026.04.18 00:32:58 INFO  no build target found for C:\Users\DELL\Downloads\artere\src\main\java\com\example\artere\controller\ProductController.java. Using fallback presentation compiler.
2026.04.18 00:33:03 INFO  no build target found for C:\Users\DELL\Downloads\artere\src\main\java\com\example\artere\controller\ProductController.java. Using fallback presentation compiler.
Apr 18, 2026 12:33:20 AM org.eclipse.lsp4j.jsonrpc.services.GenericEndpoint notify
INFO: Unsupported notification method: $/setTrace
Apr 18, 2026 12:33:27 AM org.eclipse.lsp4j.jsonrpc.services.GenericEndpoint notify
INFO: Unsupported notification method: $/setTrace
Apr 18, 2026 12:33:30 AM org.eclipse.lsp4j.jsonrpc.services.GenericEndpoint notify
INFO: Unsupported notification method: $/setTrace
2026.04.18 00:33:31 INFO  no build target found for C:\Users\DELL\Downloads\artere\src\main\java\com\example\artere\controller\ProductController.java. Using fallback presentation compiler.
2026.04.18 00:33:42 INFO  no build target found for C:\Users\DELL\Downloads\artere\src\main\java\com\example\artere\controller\ProductController.java. Using fallback presentation compiler.
